2022-09-17 20:21:32 https://petstore.swagger.io/v2/pet
2022-09-17 20:21:36 200
2022-09-17 20:21:36 ***********
2022-09-17 20:21:36 ***********
2022-09-17 20:21:36 https://petstore.swagger.io/v2/pet
2022-09-17 20:21:38 200
2022-09-17 20:21:38 ***********
2022-09-17 20:21:38 ***********
2022-09-17 20:21:38 https://petstore.swagger.io/v2/pet
2022-09-17 20:21:39 200
2022-09-17 20:21:39 ***********
2022-09-17 20:21:39 ***********
2022-09-17 20:21:39 https://petstore.swagger.io/v2/pet/findByStatus?status=available
2022-09-17 20:21:40 200
2022-09-17 20:21:40 ***********
2022-09-17 20:21:40 ***********
2022-09-17 20:21:41 https://petstore.swagger.io/v2/pet/findByStatus?status=pending
2022-09-17 20:21:42 200
2022-09-17 20:21:42 ***********
2022-09-17 20:21:42 ***********
2022-09-17 20:21:42 https://petstore.swagger.io/v2/pet/findByStatus?status=sold
2022-09-17 20:21:43 200
2022-09-17 20:21:43 ***********
2022-09-17 20:21:43 ***********
2022-09-17 20:21:43 https://petstore.swagger.io/v2/user/createWithArray
2022-09-17 20:21:45 200
2022-09-17 20:21:45 ***********
2022-09-17 20:21:45 ***********
2022-09-17 20:21:45 https://petstore.swagger.io/v2/user/createWithArray
2022-09-17 20:21:46 200
2022-09-17 20:21:46 ***********
2022-09-17 20:21:46 ***********
2022-09-17 20:21:46 https://petstore.swagger.io/v2/user/AutoUsername_0917_202145
2022-09-17 20:21:47 200
2022-09-17 20:21:47 ***********
2022-09-17 20:21:47 ***********
2022-09-17 20:21:47 https://petstore.swagger.io/v2/user/AutoUsername_0917_202147
2022-09-17 20:21:48 404
2022-09-17 20:21:48 ***********
2022-09-17 20:21:48 ***********
2022-09-17 20:21:48 https://petstore.swagger.io/v2/user/createWithArray
2022-09-17 20:21:50 200
2022-09-17 20:21:50 ***********
2022-09-17 20:21:50 ***********
2022-09-17 20:21:50 https://petstore.swagger.io/v2/user/AutoUsername_0917_202148
2022-09-17 20:21:51 200
2022-09-17 20:21:51 ***********
2022-09-17 20:21:51 ***********
